Analysis & Synthesis report for RLEncoder
Sun Mar 28 13:36:31 2021
Quartus Prime Version 20.1.0 Build 711 06/05/2020 SJ Lite Edition


---------------------
; Table of Contents ;
---------------------
  1. Legal Notice
  2. Analysis & Synthesis Summary
  3. Analysis & Synthesis Settings
  4. Parallel Compilation
  5. Analysis & Synthesis Source Files Read
  6. Analysis & Synthesis Resource Usage Summary
  7. Analysis & Synthesis Resource Utilization by Entity
  8. Registers Removed During Synthesis
  9. General Register Statistics
 10. Inverted Register Statistics
 11. Multiplexer Restructuring Statistics (Restructuring Performed)
 12. Analysis & Synthesis Messages



----------------
; Legal Notice ;
----------------
Copyright (C) 2020  Intel Corporation. All rights reserved.
Your use of Intel Corporation's design tools, logic functions 
and other software and tools, and any partner logic 
functions, and any output files from any of the foregoing 
(including device programming or simulation files), and any 
associated documentation or information are expressly subject 
to the terms and conditions of the Intel Program License 
Subscription Agreement, the Intel Quartus Prime License Agreement,
the Intel FPGA IP License Agreement, or other applicable license
agreement, including, without limitation, that your use is for
the sole purpose of programming logic devices manufactured by
Intel and sold by Intel or its authorized distributors.  Please
refer to the applicable agreement for further details, at
https://fpgasoftware.intel.com/eula.



+---------------------------------------------------------------------------+
; Analysis & Synthesis Summary                                              ;
+-----------------------------+---------------------------------------------+
; Analysis & Synthesis Status ; Successful - Sun Mar 28 13:36:31 2021       ;
; Quartus Prime Version       ; 20.1.0 Build 711 06/05/2020 SJ Lite Edition ;
; Revision Name               ; RLEncoder                                   ;
; Top-level Entity Name       ; RLEncoder                                   ;
; Family                      ; MAX V                                       ;
; Total logic elements        ; 1,675                                       ;
; Total pins                  ; 19                                          ;
; Total virtual pins          ; 0                                           ;
; UFM blocks                  ; 0 / 1 ( 0 % )                               ;
+-----------------------------+---------------------------------------------+


+------------------------------------------------------------------------------------------------------------+
; Analysis & Synthesis Settings                                                                              ;
+------------------------------------------------------------------+--------------------+--------------------+
; Option                                                           ; Setting            ; Default Value      ;
+------------------------------------------------------------------+--------------------+--------------------+
; Top-level entity name                                            ; RLEncoder          ; RLEncoder          ;
; Family name                                                      ; MAX V              ; Cyclone V          ;
; Use smart compilation                                            ; Off                ; Off                ;
; Enable parallel Assembler and Timing Analyzer during compilation ; On                 ; On                 ;
; Enable compact report table                                      ; Off                ; Off                ;
; Restructure Multiplexers                                         ; Auto               ; Auto               ;
; Create Debugging Nodes for IP Cores                              ; Off                ; Off                ;
; Preserve fewer node names                                        ; On                 ; On                 ;
; Intel FPGA IP Evaluation Mode                                    ; Enable             ; Enable             ;
; Verilog Version                                                  ; Verilog_2001       ; Verilog_2001       ;
; VHDL Version                                                     ; VHDL_1993          ; VHDL_1993          ;
; State Machine Processing                                         ; Auto               ; Auto               ;
; Safe State Machine                                               ; Off                ; Off                ;
; Extract Verilog State Machines                                   ; On                 ; On                 ;
; Extract VHDL State Machines                                      ; On                 ; On                 ;
; Ignore Verilog initial constructs                                ; Off                ; Off                ;
; Iteration limit for constant Verilog loops                       ; 5000               ; 5000               ;
; Iteration limit for non-constant Verilog loops                   ; 250                ; 250                ;
; Add Pass-Through Logic to Inferred RAMs                          ; On                 ; On                 ;
; Infer RAMs from Raw Logic                                        ; On                 ; On                 ;
; Parallel Synthesis                                               ; On                 ; On                 ;
; NOT Gate Push-Back                                               ; On                 ; On                 ;
; Power-Up Don't Care                                              ; On                 ; On                 ;
; Remove Redundant Logic Cells                                     ; Off                ; Off                ;
; Remove Duplicate Registers                                       ; On                 ; On                 ;
; Ignore CARRY Buffers                                             ; Off                ; Off                ;
; Ignore CASCADE Buffers                                           ; Off                ; Off                ;
; Ignore GLOBAL Buffers                                            ; Off                ; Off                ;
; Ignore ROW GLOBAL Buffers                                        ; Off                ; Off                ;
; Ignore LCELL Buffers                                             ; Off                ; Off                ;
; Ignore SOFT Buffers                                              ; On                 ; On                 ;
; Limit AHDL Integers to 32 Bits                                   ; Off                ; Off                ;
; Optimization Technique                                           ; Balanced           ; Balanced           ;
; Carry Chain Length                                               ; 70                 ; 70                 ;
; Auto Carry Chains                                                ; On                 ; On                 ;
; Auto Open-Drain Pins                                             ; On                 ; On                 ;
; Perform WYSIWYG Primitive Resynthesis                            ; Off                ; Off                ;
; Auto Shift Register Replacement                                  ; Auto               ; Auto               ;
; Allow Shift Register Merging across Hierarchies                  ; Auto               ; Auto               ;
; Auto Clock Enable Replacement                                    ; On                 ; On                 ;
; Allow Synchronous Control Signals                                ; On                 ; On                 ;
; Force Use of Synchronous Clear Signals                           ; Off                ; Off                ;
; Auto Resource Sharing                                            ; Off                ; Off                ;
; Use LogicLock Constraints during Resource Balancing              ; On                 ; On                 ;
; Ignore translate_off and synthesis_off directives                ; Off                ; Off                ;
; Report Parameter Settings                                        ; On                 ; On                 ;
; Report Source Assignments                                        ; On                 ; On                 ;
; Report Connectivity Checks                                       ; On                 ; On                 ;
; Ignore Maximum Fan-Out Assignments                               ; Off                ; Off                ;
; Synchronization Register Chain Length                            ; 2                  ; 2                  ;
; Power Optimization During Synthesis                              ; Normal compilation ; Normal compilation ;
; HDL message level                                                ; Level2             ; Level2             ;
; Suppress Register Optimization Related Messages                  ; Off                ; Off                ;
; Number of Removed Registers Reported in Synthesis Report         ; 5000               ; 5000               ;
; Number of Swept Nodes Reported in Synthesis Report               ; 5000               ; 5000               ;
; Number of Inverted Registers Reported in Synthesis Report        ; 100                ; 100                ;
; Clock MUX Protection                                             ; On                 ; On                 ;
; Block Design Naming                                              ; Auto               ; Auto               ;
; Synthesis Effort                                                 ; Auto               ; Auto               ;
; Shift Register Replacement - Allow Asynchronous Clear Signal     ; On                 ; On                 ;
; Analysis & Synthesis Message Level                               ; Medium             ; Medium             ;
; Disable Register Merging Across Hierarchies                      ; Auto               ; Auto               ;
+------------------------------------------------------------------+--------------------+--------------------+


+------------------------------------------+
; Parallel Compilation                     ;
+----------------------------+-------------+
; Processors                 ; Number      ;
+----------------------------+-------------+
; Number detected on machine ; 12          ;
; Maximum allowed            ; 6           ;
;                            ;             ;
; Average used               ; 1.00        ;
; Maximum used               ; 1           ;
;                            ;             ;
; Usage by Processor         ; % Time Used ;
;     Processor 1            ; 100.0%      ;
+----------------------------+-------------+


+--------------------------------------------------------------------------------------------------------------------------------------------------------+
; Analysis & Synthesis Source Files Read                                                                                                                 ;
+----------------------------------+-----------------+-----------------+-----------------------------------------------------------------------+---------+
; File Name with User-Entered Path ; Used in Netlist ; File Type       ; File Name with Absolute Path                                          ; Library ;
+----------------------------------+-----------------+-----------------+-----------------------------------------------------------------------+---------+
; UpDownStateTransit.vhd           ; yes             ; User VHDL File  ; D:/Courses/Sem4/cs226_digital_logic/CS254/lab7/UpDownStateTransit.vhd ;         ;
; UpDownCounter.vhd                ; yes             ; User VHDL File  ; D:/Courses/Sem4/cs226_digital_logic/CS254/lab7/UpDownCounter.vhd      ;         ;
; StateTransit.vhd                 ; yes             ; User VHDL File  ; D:/Courses/Sem4/cs226_digital_logic/CS254/lab7/StateTransit.vhd       ;         ;
; FourbitUpCount.vhd               ; yes             ; User VHDL File  ; D:/Courses/Sem4/cs226_digital_logic/CS254/lab7/FourbitUpCount.vhd     ;         ;
; DFlipFlop.vhd                    ; yes             ; User VHDL File  ; D:/Courses/Sem4/cs226_digital_logic/CS254/lab7/DFlipFlop.vhd          ;         ;
; ASCII_Read_test.vhd              ; yes             ; User VHDL File  ; D:/Courses/Sem4/cs226_digital_logic/CS254/lab7/ASCII_Read_test.vhd    ;         ;
; RLEncoder.vhd                    ; yes             ; User VHDL File  ; D:/Courses/Sem4/cs226_digital_logic/CS254/lab7/RLEncoder.vhd          ;         ;
+----------------------------------+-----------------+-----------------+-----------------------------------------------------------------------+---------+


+-----------------------------------------------------+
; Analysis & Synthesis Resource Usage Summary         ;
+---------------------------------------------+-------+
; Resource                                    ; Usage ;
+---------------------------------------------+-------+
; Total logic elements                        ; 1675  ;
;     -- Combinational with no register       ; 866   ;
;     -- Register only                        ; 0     ;
;     -- Combinational with a register        ; 809   ;
;                                             ;       ;
; Logic element usage by number of LUT inputs ;       ;
;     -- 4 input functions                    ; 982   ;
;     -- 3 input functions                    ; 588   ;
;     -- 2 input functions                    ; 103   ;
;     -- 1 input functions                    ; 2     ;
;     -- 0 input functions                    ; 0     ;
;                                             ;       ;
; Logic elements by mode                      ;       ;
;     -- normal mode                          ; 1669  ;
;     -- arithmetic mode                      ; 6     ;
;     -- qfbk mode                            ; 0     ;
;     -- register cascade mode                ; 0     ;
;     -- synchronous clear/load mode          ; 485   ;
;     -- asynchronous clear/load mode         ; 1     ;
;                                             ;       ;
; Total registers                             ; 809   ;
; Total logic cells in carry chains           ; 7     ;
; I/O pins                                    ; 19    ;
; Maximum fan-out node                        ; clk   ;
; Maximum fan-out                             ; 809   ;
; Total fan-out                               ; 8477  ;
; Average fan-out                             ; 5.00  ;
+---------------------------------------------+-------+


+-------------------------------------------------------------------------------------------------------------------------------------------------------------------------------------------------------------------------------------------------------------------------+
; Analysis & Synthesis Resource Utilization by Entity                                                                                                                                                                                                                     ;
+------------------------------+-------------+--------------+------------+------+--------------+--------------+-------------------+------------------+-----------------+------------+-----------------------------------------------------+----------------+--------------+
; Compilation Hierarchy Node   ; Logic Cells ; LC Registers ; UFM Blocks ; Pins ; Virtual Pins ; LUT-Only LCs ; Register-Only LCs ; LUT/Register LCs ; Carry Chain LCs ; Packed LCs ; Full Hierarchy Name                                 ; Entity Name    ; Library Name ;
+------------------------------+-------------+--------------+------------+------+--------------+--------------+-------------------+------------------+-----------------+------------+-----------------------------------------------------+----------------+--------------+
; |RLEncoder                   ; 1675 (1663) ; 809          ; 0          ; 19   ; 0            ; 866 (866)    ; 0 (0)             ; 809 (797)        ; 7 (7)           ; 0 (0)      ; |RLEncoder                                          ; RLEncoder      ; work         ;
;    |DFlipFlop:\chars:0:char| ; 1 (1)       ; 1            ; 0          ; 0    ; 0            ; 0 (0)        ; 0 (0)             ; 1 (1)            ; 0 (0)           ; 0 (0)      ; |RLEncoder|DFlipFlop:\chars:0:char                  ; DFlipFlop      ; work         ;
;    |DFlipFlop:\chars:1:char| ; 1 (1)       ; 1            ; 0          ; 0    ; 0            ; 0 (0)        ; 0 (0)             ; 1 (1)            ; 0 (0)           ; 0 (0)      ; |RLEncoder|DFlipFlop:\chars:1:char                  ; DFlipFlop      ; work         ;
;    |DFlipFlop:\chars:2:char| ; 1 (1)       ; 1            ; 0          ; 0    ; 0            ; 0 (0)        ; 0 (0)             ; 1 (1)            ; 0 (0)           ; 0 (0)      ; |RLEncoder|DFlipFlop:\chars:2:char                  ; DFlipFlop      ; work         ;
;    |DFlipFlop:\chars:3:char| ; 1 (1)       ; 1            ; 0          ; 0    ; 0            ; 0 (0)        ; 0 (0)             ; 1 (1)            ; 0 (0)           ; 0 (0)      ; |RLEncoder|DFlipFlop:\chars:3:char                  ; DFlipFlop      ; work         ;
;    |DFlipFlop:\chars:4:char| ; 1 (1)       ; 1            ; 0          ; 0    ; 0            ; 0 (0)        ; 0 (0)             ; 1 (1)            ; 0 (0)           ; 0 (0)      ; |RLEncoder|DFlipFlop:\chars:4:char                  ; DFlipFlop      ; work         ;
;    |DFlipFlop:\chars:5:char| ; 1 (1)       ; 1            ; 0          ; 0    ; 0            ; 0 (0)        ; 0 (0)             ; 1 (1)            ; 0 (0)           ; 0 (0)      ; |RLEncoder|DFlipFlop:\chars:5:char                  ; DFlipFlop      ; work         ;
;    |DFlipFlop:\chars:6:char| ; 1 (1)       ; 1            ; 0          ; 0    ; 0            ; 0 (0)        ; 0 (0)             ; 1 (1)            ; 0 (0)           ; 0 (0)      ; |RLEncoder|DFlipFlop:\chars:6:char                  ; DFlipFlop      ; work         ;
;    |DFlipFlop:\chars:7:char| ; 1 (1)       ; 1            ; 0          ; 0    ; 0            ; 0 (0)        ; 0 (0)             ; 1 (1)            ; 0 (0)           ; 0 (0)      ; |RLEncoder|DFlipFlop:\chars:7:char                  ; DFlipFlop      ; work         ;
;    |FourbitUpCount:count|    ; 4 (0)       ; 4            ; 0          ; 0    ; 0            ; 0 (0)        ; 0 (0)             ; 4 (0)            ; 0 (0)           ; 0 (0)      ; |RLEncoder|FourbitUpCount:count                     ; FourbitUpCount ; work         ;
;       |DFlipFlop:FlipFlop0|  ; 1 (1)       ; 1            ; 0          ; 0    ; 0            ; 0 (0)        ; 0 (0)             ; 1 (1)            ; 0 (0)           ; 0 (0)      ; |RLEncoder|FourbitUpCount:count|DFlipFlop:FlipFlop0 ; DFlipFlop      ; work         ;
;       |DFlipFlop:FlipFlop1|  ; 1 (1)       ; 1            ; 0          ; 0    ; 0            ; 0 (0)        ; 0 (0)             ; 1 (1)            ; 0 (0)           ; 0 (0)      ; |RLEncoder|FourbitUpCount:count|DFlipFlop:FlipFlop1 ; DFlipFlop      ; work         ;
;       |DFlipFlop:FlipFlop2|  ; 1 (1)       ; 1            ; 0          ; 0    ; 0            ; 0 (0)        ; 0 (0)             ; 1 (1)            ; 0 (0)           ; 0 (0)      ; |RLEncoder|FourbitUpCount:count|DFlipFlop:FlipFlop2 ; DFlipFlop      ; work         ;
;       |DFlipFlop:FlipFlop3|  ; 1 (1)       ; 1            ; 0          ; 0    ; 0            ; 0 (0)        ; 0 (0)             ; 1 (1)            ; 0 (0)           ; 0 (0)      ; |RLEncoder|FourbitUpCount:count|DFlipFlop:FlipFlop3 ; DFlipFlop      ; work         ;
+------------------------------+-------------+--------------+------------+------+--------------+--------------+-------------------+------------------+-----------------+------------+-----------------------------------------------------+----------------+--------------+
Note: For table entries with two numbers listed, the numbers in parentheses indicate the number of resources of the given type used by the specific entity alone. The numbers listed outside of parentheses indicate the total resources of the given type used by the specific entity and all of its sub-entities in the hierarchy.


+-----------------------------------------------------------------+
; Registers Removed During Synthesis                              ;
+---------------------------------------+-------------------------+
; Register name                         ; Reason for Removal      ;
+---------------------------------------+-------------------------+
; buff[97][0]                           ; Merged with buff[96][0] ;
; buff[97][1]                           ; Merged with buff[96][1] ;
; buff[97][2]                           ; Merged with buff[96][2] ;
; buff[97][3]                           ; Merged with buff[96][3] ;
; buff[97][4]                           ; Merged with buff[96][4] ;
; buff[97][5]                           ; Merged with buff[96][5] ;
; buff[97][6]                           ; Merged with buff[96][6] ;
; buff[97][7]                           ; Merged with buff[96][7] ;
; Total Number of Removed Registers = 8 ;                         ;
+---------------------------------------+-------------------------+


+------------------------------------------------------+
; General Register Statistics                          ;
+----------------------------------------------+-------+
; Statistic                                    ; Value ;
+----------------------------------------------+-------+
; Total registers                              ; 809   ;
; Number of registers using Synchronous Clear  ; 0     ;
; Number of registers using Synchronous Load   ; 485   ;
; Number of registers using Asynchronous Clear ; 1     ;
; Number of registers using Asynchronous Load  ; 0     ;
; Number of registers using Clock Enable       ; 788   ;
; Number of registers using Preset             ; 0     ;
+----------------------------------------------+-------+


+--------------------------------------------------+
; Inverted Register Statistics                     ;
+----------------------------------------+---------+
; Inverted Register                      ; Fan out ;
+----------------------------------------+---------+
; reset                                  ; 5       ;
; increment[2]                           ; 5       ;
; increment[1]                           ; 1       ;
; increment[0]                           ; 1       ;
; Total number of inverted registers = 4 ;         ;
+----------------------------------------+---------+


+------------------------------------------------------------------------------------------------------------------------------------------+
; Multiplexer Restructuring Statistics (Restructuring Performed)                                                                           ;
+--------------------+-----------+---------------+----------------------+------------------------+------------+----------------------------+
; Multiplexer Inputs ; Bus Width ; Baseline Area ; Area if Restructured ; Saving if Restructured ; Registered ; Example Multiplexer Output ;
+--------------------+-----------+---------------+----------------------+------------------------+------------+----------------------------+
; 3:1                ; 6 bits    ; 12 LEs        ; 12 LEs               ; 0 LEs                  ; Yes        ; |RLEncoder|index[4]        ;
; 8:1                ; 4 bits    ; 20 LEs        ; 8 LEs                ; 12 LEs                 ; Yes        ; |RLEncoder|buff[96][7]     ;
; 8:1                ; 4 bits    ; 20 LEs        ; 8 LEs                ; 12 LEs                 ; Yes        ; |RLEncoder|buff[96][3]     ;
; 8:1                ; 4 bits    ; 20 LEs        ; 8 LEs                ; 12 LEs                 ; Yes        ; |RLEncoder|buff[95][7]     ;
; 8:1                ; 4 bits    ; 20 LEs        ; 8 LEs                ; 12 LEs                 ; Yes        ; |RLEncoder|buff[95][2]     ;
; 8:1                ; 4 bits    ; 20 LEs        ; 8 LEs                ; 12 LEs                 ; Yes        ; |RLEncoder|buff[94][5]     ;
; 8:1                ; 4 bits    ; 20 LEs        ; 8 LEs                ; 12 LEs                 ; Yes        ; |RLEncoder|buff[94][3]     ;
; 8:1                ; 4 bits    ; 20 LEs        ; 8 LEs                ; 12 LEs                 ; Yes        ; |RLEncoder|buff[93][7]     ;
; 8:1                ; 4 bits    ; 20 LEs        ; 8 LEs                ; 12 LEs                 ; Yes        ; |RLEncoder|buff[93][3]     ;
; 8:1                ; 4 bits    ; 20 LEs        ; 8 LEs                ; 12 LEs                 ; Yes        ; |RLEncoder|buff[92][6]     ;
; 8:1                ; 4 bits    ; 20 LEs        ; 8 LEs                ; 12 LEs                 ; Yes        ; |RLEncoder|buff[92][1]     ;
; 8:1                ; 4 bits    ; 20 LEs        ; 8 LEs                ; 12 LEs                 ; Yes        ; |RLEncoder|buff[91][6]     ;
; 8:1                ; 4 bits    ; 20 LEs        ; 8 LEs                ; 12 LEs                 ; Yes        ; |RLEncoder|buff[91][0]     ;
; 8:1                ; 4 bits    ; 20 LEs        ; 8 LEs                ; 12 LEs                 ; Yes        ; |RLEncoder|buff[90][4]     ;
; 8:1                ; 4 bits    ; 20 LEs        ; 8 LEs                ; 12 LEs                 ; Yes        ; |RLEncoder|buff[90][0]     ;
; 8:1                ; 4 bits    ; 20 LEs        ; 8 LEs                ; 12 LEs                 ; Yes        ; |RLEncoder|buff[89][4]     ;
; 8:1                ; 4 bits    ; 20 LEs        ; 8 LEs                ; 12 LEs                 ; Yes        ; |RLEncoder|buff[89][2]     ;
; 8:1                ; 4 bits    ; 20 LEs        ; 8 LEs                ; 12 LEs                 ; Yes        ; |RLEncoder|buff[88][4]     ;
; 8:1                ; 4 bits    ; 20 LEs        ; 8 LEs                ; 12 LEs                 ; Yes        ; |RLEncoder|buff[88][3]     ;
; 8:1                ; 4 bits    ; 20 LEs        ; 8 LEs                ; 12 LEs                 ; Yes        ; |RLEncoder|buff[87][4]     ;
; 8:1                ; 4 bits    ; 20 LEs        ; 8 LEs                ; 12 LEs                 ; Yes        ; |RLEncoder|buff[87][3]     ;
; 8:1                ; 4 bits    ; 20 LEs        ; 8 LEs                ; 12 LEs                 ; Yes        ; |RLEncoder|buff[86][6]     ;
; 8:1                ; 4 bits    ; 20 LEs        ; 8 LEs                ; 12 LEs                 ; Yes        ; |RLEncoder|buff[86][2]     ;
; 8:1                ; 4 bits    ; 20 LEs        ; 8 LEs                ; 12 LEs                 ; Yes        ; |RLEncoder|buff[85][4]     ;
; 8:1                ; 4 bits    ; 20 LEs        ; 8 LEs                ; 12 LEs                 ; Yes        ; |RLEncoder|buff[85][0]     ;
; 8:1                ; 4 bits    ; 20 LEs        ; 8 LEs                ; 12 LEs                 ; Yes        ; |RLEncoder|buff[84][4]     ;
; 8:1                ; 4 bits    ; 20 LEs        ; 8 LEs                ; 12 LEs                 ; Yes        ; |RLEncoder|buff[84][0]     ;
; 8:1                ; 4 bits    ; 20 LEs        ; 8 LEs                ; 12 LEs                 ; Yes        ; |RLEncoder|buff[83][6]     ;
; 8:1                ; 4 bits    ; 20 LEs        ; 8 LEs                ; 12 LEs                 ; Yes        ; |RLEncoder|buff[83][2]     ;
; 8:1                ; 4 bits    ; 20 LEs        ; 8 LEs                ; 12 LEs                 ; Yes        ; |RLEncoder|buff[82][4]     ;
; 8:1                ; 4 bits    ; 20 LEs        ; 8 LEs                ; 12 LEs                 ; Yes        ; |RLEncoder|buff[82][2]     ;
; 8:1                ; 4 bits    ; 20 LEs        ; 8 LEs                ; 12 LEs                 ; Yes        ; |RLEncoder|buff[81][4]     ;
; 8:1                ; 4 bits    ; 20 LEs        ; 8 LEs                ; 12 LEs                 ; Yes        ; |RLEncoder|buff[81][0]     ;
; 8:1                ; 4 bits    ; 20 LEs        ; 8 LEs                ; 12 LEs                 ; Yes        ; |RLEncoder|buff[80][6]     ;
; 8:1                ; 4 bits    ; 20 LEs        ; 8 LEs                ; 12 LEs                 ; Yes        ; |RLEncoder|buff[80][3]     ;
; 8:1                ; 4 bits    ; 20 LEs        ; 8 LEs                ; 12 LEs                 ; Yes        ; |RLEncoder|buff[79][7]     ;
; 8:1                ; 4 bits    ; 20 LEs        ; 8 LEs                ; 12 LEs                 ; Yes        ; |RLEncoder|buff[79][3]     ;
; 8:1                ; 4 bits    ; 20 LEs        ; 8 LEs                ; 12 LEs                 ; Yes        ; |RLEncoder|buff[78][7]     ;
; 8:1                ; 4 bits    ; 20 LEs        ; 8 LEs                ; 12 LEs                 ; Yes        ; |RLEncoder|buff[78][3]     ;
; 8:1                ; 4 bits    ; 20 LEs        ; 8 LEs                ; 12 LEs                 ; Yes        ; |RLEncoder|buff[77][7]     ;
; 8:1                ; 4 bits    ; 20 LEs        ; 8 LEs                ; 12 LEs                 ; Yes        ; |RLEncoder|buff[77][1]     ;
; 8:1                ; 4 bits    ; 20 LEs        ; 8 LEs                ; 12 LEs                 ; Yes        ; |RLEncoder|buff[76][5]     ;
; 8:1                ; 4 bits    ; 20 LEs        ; 8 LEs                ; 12 LEs                 ; Yes        ; |RLEncoder|buff[76][1]     ;
; 8:1                ; 4 bits    ; 20 LEs        ; 8 LEs                ; 12 LEs                 ; Yes        ; |RLEncoder|buff[75][7]     ;
; 8:1                ; 4 bits    ; 20 LEs        ; 8 LEs                ; 12 LEs                 ; Yes        ; |RLEncoder|buff[75][0]     ;
; 8:1                ; 4 bits    ; 20 LEs        ; 8 LEs                ; 12 LEs                 ; Yes        ; |RLEncoder|buff[74][4]     ;
; 8:1                ; 4 bits    ; 20 LEs        ; 8 LEs                ; 12 LEs                 ; Yes        ; |RLEncoder|buff[74][3]     ;
; 8:1                ; 4 bits    ; 20 LEs        ; 8 LEs                ; 12 LEs                 ; Yes        ; |RLEncoder|buff[73][6]     ;
; 8:1                ; 4 bits    ; 20 LEs        ; 8 LEs                ; 12 LEs                 ; Yes        ; |RLEncoder|buff[73][0]     ;
; 8:1                ; 4 bits    ; 20 LEs        ; 8 LEs                ; 12 LEs                 ; Yes        ; |RLEncoder|buff[72][6]     ;
; 8:1                ; 4 bits    ; 20 LEs        ; 8 LEs                ; 12 LEs                 ; Yes        ; |RLEncoder|buff[72][3]     ;
; 8:1                ; 4 bits    ; 20 LEs        ; 8 LEs                ; 12 LEs                 ; Yes        ; |RLEncoder|buff[71][6]     ;
; 8:1                ; 4 bits    ; 20 LEs        ; 8 LEs                ; 12 LEs                 ; Yes        ; |RLEncoder|buff[71][2]     ;
; 8:1                ; 4 bits    ; 20 LEs        ; 8 LEs                ; 12 LEs                 ; Yes        ; |RLEncoder|buff[70][4]     ;
; 8:1                ; 4 bits    ; 20 LEs        ; 8 LEs                ; 12 LEs                 ; Yes        ; |RLEncoder|buff[70][0]     ;
; 8:1                ; 4 bits    ; 20 LEs        ; 8 LEs                ; 12 LEs                 ; Yes        ; |RLEncoder|buff[69][4]     ;
; 8:1                ; 4 bits    ; 20 LEs        ; 8 LEs                ; 12 LEs                 ; Yes        ; |RLEncoder|buff[69][0]     ;
; 8:1                ; 4 bits    ; 20 LEs        ; 8 LEs                ; 12 LEs                 ; Yes        ; |RLEncoder|buff[68][6]     ;
; 8:1                ; 4 bits    ; 20 LEs        ; 8 LEs                ; 12 LEs                 ; Yes        ; |RLEncoder|buff[68][3]     ;
; 8:1                ; 4 bits    ; 20 LEs        ; 8 LEs                ; 12 LEs                 ; Yes        ; |RLEncoder|buff[67][7]     ;
; 8:1                ; 4 bits    ; 20 LEs        ; 8 LEs                ; 12 LEs                 ; Yes        ; |RLEncoder|buff[67][3]     ;
; 8:1                ; 4 bits    ; 20 LEs        ; 8 LEs                ; 12 LEs                 ; Yes        ; |RLEncoder|buff[66][7]     ;
; 8:1                ; 4 bits    ; 20 LEs        ; 8 LEs                ; 12 LEs                 ; Yes        ; |RLEncoder|buff[66][3]     ;
; 8:1                ; 4 bits    ; 20 LEs        ; 8 LEs                ; 12 LEs                 ; Yes        ; |RLEncoder|buff[65][7]     ;
; 8:1                ; 4 bits    ; 20 LEs        ; 8 LEs                ; 12 LEs                 ; Yes        ; |RLEncoder|buff[65][3]     ;
; 8:1                ; 4 bits    ; 20 LEs        ; 8 LEs                ; 12 LEs                 ; Yes        ; |RLEncoder|buff[64][7]     ;
; 8:1                ; 4 bits    ; 20 LEs        ; 8 LEs                ; 12 LEs                 ; Yes        ; |RLEncoder|buff[64][3]     ;
; 8:1                ; 4 bits    ; 20 LEs        ; 8 LEs                ; 12 LEs                 ; Yes        ; |RLEncoder|buff[63][7]     ;
; 8:1                ; 4 bits    ; 20 LEs        ; 8 LEs                ; 12 LEs                 ; Yes        ; |RLEncoder|buff[63][1]     ;
; 8:1                ; 4 bits    ; 20 LEs        ; 8 LEs                ; 12 LEs                 ; Yes        ; |RLEncoder|buff[62][4]     ;
; 8:1                ; 4 bits    ; 20 LEs        ; 8 LEs                ; 12 LEs                 ; Yes        ; |RLEncoder|buff[62][0]     ;
; 8:1                ; 4 bits    ; 20 LEs        ; 8 LEs                ; 12 LEs                 ; Yes        ; |RLEncoder|buff[61][7]     ;
; 8:1                ; 4 bits    ; 20 LEs        ; 8 LEs                ; 12 LEs                 ; Yes        ; |RLEncoder|buff[61][3]     ;
; 8:1                ; 4 bits    ; 20 LEs        ; 8 LEs                ; 12 LEs                 ; Yes        ; |RLEncoder|buff[60][7]     ;
; 8:1                ; 4 bits    ; 20 LEs        ; 8 LEs                ; 12 LEs                 ; Yes        ; |RLEncoder|buff[60][2]     ;
; 8:1                ; 4 bits    ; 20 LEs        ; 8 LEs                ; 12 LEs                 ; Yes        ; |RLEncoder|buff[59][6]     ;
; 8:1                ; 4 bits    ; 20 LEs        ; 8 LEs                ; 12 LEs                 ; Yes        ; |RLEncoder|buff[59][0]     ;
; 8:1                ; 4 bits    ; 20 LEs        ; 8 LEs                ; 12 LEs                 ; Yes        ; |RLEncoder|buff[58][7]     ;
; 8:1                ; 4 bits    ; 20 LEs        ; 8 LEs                ; 12 LEs                 ; Yes        ; |RLEncoder|buff[58][3]     ;
; 8:1                ; 4 bits    ; 20 LEs        ; 8 LEs                ; 12 LEs                 ; Yes        ; |RLEncoder|buff[57][7]     ;
; 8:1                ; 4 bits    ; 20 LEs        ; 8 LEs                ; 12 LEs                 ; Yes        ; |RLEncoder|buff[57][2]     ;
; 8:1                ; 4 bits    ; 20 LEs        ; 8 LEs                ; 12 LEs                 ; Yes        ; |RLEncoder|buff[56][6]     ;
; 8:1                ; 4 bits    ; 20 LEs        ; 8 LEs                ; 12 LEs                 ; Yes        ; |RLEncoder|buff[56][0]     ;
; 8:1                ; 4 bits    ; 20 LEs        ; 8 LEs                ; 12 LEs                 ; Yes        ; |RLEncoder|buff[55][7]     ;
; 8:1                ; 4 bits    ; 20 LEs        ; 8 LEs                ; 12 LEs                 ; Yes        ; |RLEncoder|buff[55][1]     ;
; 8:1                ; 4 bits    ; 20 LEs        ; 8 LEs                ; 12 LEs                 ; Yes        ; |RLEncoder|buff[54][4]     ;
; 8:1                ; 4 bits    ; 20 LEs        ; 8 LEs                ; 12 LEs                 ; Yes        ; |RLEncoder|buff[54][2]     ;
; 8:1                ; 4 bits    ; 20 LEs        ; 8 LEs                ; 12 LEs                 ; Yes        ; |RLEncoder|buff[53][7]     ;
; 8:1                ; 4 bits    ; 20 LEs        ; 8 LEs                ; 12 LEs                 ; Yes        ; |RLEncoder|buff[53][3]     ;
; 8:1                ; 4 bits    ; 20 LEs        ; 8 LEs                ; 12 LEs                 ; Yes        ; |RLEncoder|buff[52][4]     ;
; 8:1                ; 4 bits    ; 20 LEs        ; 8 LEs                ; 12 LEs                 ; Yes        ; |RLEncoder|buff[52][0]     ;
; 8:1                ; 4 bits    ; 20 LEs        ; 8 LEs                ; 12 LEs                 ; Yes        ; |RLEncoder|buff[51][4]     ;
; 8:1                ; 4 bits    ; 20 LEs        ; 8 LEs                ; 12 LEs                 ; Yes        ; |RLEncoder|buff[51][3]     ;
; 8:1                ; 4 bits    ; 20 LEs        ; 8 LEs                ; 12 LEs                 ; Yes        ; |RLEncoder|buff[50][6]     ;
; 8:1                ; 4 bits    ; 20 LEs        ; 8 LEs                ; 12 LEs                 ; Yes        ; |RLEncoder|buff[50][3]     ;
; 8:1                ; 4 bits    ; 20 LEs        ; 8 LEs                ; 12 LEs                 ; Yes        ; |RLEncoder|buff[49][6]     ;
; 8:1                ; 4 bits    ; 20 LEs        ; 8 LEs                ; 12 LEs                 ; Yes        ; |RLEncoder|buff[49][2]     ;
; 8:1                ; 4 bits    ; 20 LEs        ; 8 LEs                ; 12 LEs                 ; Yes        ; |RLEncoder|buff[48][7]     ;
; 8:1                ; 4 bits    ; 20 LEs        ; 8 LEs                ; 12 LEs                 ; Yes        ; |RLEncoder|buff[48][3]     ;
; 8:1                ; 4 bits    ; 20 LEs        ; 8 LEs                ; 12 LEs                 ; Yes        ; |RLEncoder|buff[47][7]     ;
; 8:1                ; 4 bits    ; 20 LEs        ; 8 LEs                ; 12 LEs                 ; Yes        ; |RLEncoder|buff[47][2]     ;
; 8:1                ; 4 bits    ; 20 LEs        ; 8 LEs                ; 12 LEs                 ; Yes        ; |RLEncoder|buff[46][5]     ;
; 8:1                ; 4 bits    ; 20 LEs        ; 8 LEs                ; 12 LEs                 ; Yes        ; |RLEncoder|buff[46][0]     ;
; 8:1                ; 4 bits    ; 20 LEs        ; 8 LEs                ; 12 LEs                 ; Yes        ; |RLEncoder|buff[45][4]     ;
; 8:1                ; 4 bits    ; 20 LEs        ; 8 LEs                ; 12 LEs                 ; Yes        ; |RLEncoder|buff[45][1]     ;
; 8:1                ; 4 bits    ; 20 LEs        ; 8 LEs                ; 12 LEs                 ; Yes        ; |RLEncoder|buff[44][4]     ;
; 8:1                ; 4 bits    ; 20 LEs        ; 8 LEs                ; 12 LEs                 ; Yes        ; |RLEncoder|buff[44][2]     ;
; 8:1                ; 4 bits    ; 20 LEs        ; 8 LEs                ; 12 LEs                 ; Yes        ; |RLEncoder|buff[43][7]     ;
; 8:1                ; 4 bits    ; 20 LEs        ; 8 LEs                ; 12 LEs                 ; Yes        ; |RLEncoder|buff[43][3]     ;
; 8:1                ; 4 bits    ; 20 LEs        ; 8 LEs                ; 12 LEs                 ; Yes        ; |RLEncoder|buff[42][7]     ;
; 8:1                ; 4 bits    ; 20 LEs        ; 8 LEs                ; 12 LEs                 ; Yes        ; |RLEncoder|buff[42][2]     ;
; 8:1                ; 4 bits    ; 20 LEs        ; 8 LEs                ; 12 LEs                 ; Yes        ; |RLEncoder|buff[41][7]     ;
; 8:1                ; 4 bits    ; 20 LEs        ; 8 LEs                ; 12 LEs                 ; Yes        ; |RLEncoder|buff[41][3]     ;
; 8:1                ; 4 bits    ; 20 LEs        ; 8 LEs                ; 12 LEs                 ; Yes        ; |RLEncoder|buff[40][7]     ;
; 8:1                ; 4 bits    ; 20 LEs        ; 8 LEs                ; 12 LEs                 ; Yes        ; |RLEncoder|buff[40][3]     ;
; 8:1                ; 4 bits    ; 20 LEs        ; 8 LEs                ; 12 LEs                 ; Yes        ; |RLEncoder|buff[39][7]     ;
; 8:1                ; 4 bits    ; 20 LEs        ; 8 LEs                ; 12 LEs                 ; Yes        ; |RLEncoder|buff[39][3]     ;
; 8:1                ; 4 bits    ; 20 LEs        ; 8 LEs                ; 12 LEs                 ; Yes        ; |RLEncoder|buff[38][7]     ;
; 8:1                ; 4 bits    ; 20 LEs        ; 8 LEs                ; 12 LEs                 ; Yes        ; |RLEncoder|buff[38][1]     ;
; 8:1                ; 4 bits    ; 20 LEs        ; 8 LEs                ; 12 LEs                 ; Yes        ; |RLEncoder|buff[37][7]     ;
; 8:1                ; 4 bits    ; 20 LEs        ; 8 LEs                ; 12 LEs                 ; Yes        ; |RLEncoder|buff[37][1]     ;
; 8:1                ; 4 bits    ; 20 LEs        ; 8 LEs                ; 12 LEs                 ; Yes        ; |RLEncoder|buff[36][7]     ;
; 8:1                ; 4 bits    ; 20 LEs        ; 8 LEs                ; 12 LEs                 ; Yes        ; |RLEncoder|buff[36][1]     ;
; 8:1                ; 4 bits    ; 20 LEs        ; 8 LEs                ; 12 LEs                 ; Yes        ; |RLEncoder|buff[35][7]     ;
; 8:1                ; 4 bits    ; 20 LEs        ; 8 LEs                ; 12 LEs                 ; Yes        ; |RLEncoder|buff[35][2]     ;
; 8:1                ; 4 bits    ; 20 LEs        ; 8 LEs                ; 12 LEs                 ; Yes        ; |RLEncoder|buff[34][6]     ;
; 8:1                ; 4 bits    ; 20 LEs        ; 8 LEs                ; 12 LEs                 ; Yes        ; |RLEncoder|buff[34][2]     ;
; 8:1                ; 4 bits    ; 20 LEs        ; 8 LEs                ; 12 LEs                 ; Yes        ; |RLEncoder|buff[33][7]     ;
; 8:1                ; 4 bits    ; 20 LEs        ; 8 LEs                ; 12 LEs                 ; Yes        ; |RLEncoder|buff[33][1]     ;
; 8:1                ; 4 bits    ; 20 LEs        ; 8 LEs                ; 12 LEs                 ; Yes        ; |RLEncoder|buff[32][7]     ;
; 8:1                ; 4 bits    ; 20 LEs        ; 8 LEs                ; 12 LEs                 ; Yes        ; |RLEncoder|buff[32][2]     ;
; 8:1                ; 4 bits    ; 20 LEs        ; 8 LEs                ; 12 LEs                 ; Yes        ; |RLEncoder|buff[31][6]     ;
; 8:1                ; 4 bits    ; 20 LEs        ; 8 LEs                ; 12 LEs                 ; Yes        ; |RLEncoder|buff[31][2]     ;
; 8:1                ; 4 bits    ; 20 LEs        ; 8 LEs                ; 12 LEs                 ; Yes        ; |RLEncoder|buff[30][5]     ;
; 8:1                ; 4 bits    ; 20 LEs        ; 8 LEs                ; 12 LEs                 ; Yes        ; |RLEncoder|buff[30][0]     ;
; 8:1                ; 4 bits    ; 20 LEs        ; 8 LEs                ; 12 LEs                 ; Yes        ; |RLEncoder|buff[29][6]     ;
; 8:1                ; 4 bits    ; 20 LEs        ; 8 LEs                ; 12 LEs                 ; Yes        ; |RLEncoder|buff[29][0]     ;
; 8:1                ; 4 bits    ; 20 LEs        ; 8 LEs                ; 12 LEs                 ; Yes        ; |RLEncoder|buff[28][6]     ;
; 8:1                ; 4 bits    ; 20 LEs        ; 8 LEs                ; 12 LEs                 ; Yes        ; |RLEncoder|buff[28][3]     ;
; 8:1                ; 4 bits    ; 20 LEs        ; 8 LEs                ; 12 LEs                 ; Yes        ; |RLEncoder|buff[27][6]     ;
; 8:1                ; 4 bits    ; 20 LEs        ; 8 LEs                ; 12 LEs                 ; Yes        ; |RLEncoder|buff[27][3]     ;
; 8:1                ; 4 bits    ; 20 LEs        ; 8 LEs                ; 12 LEs                 ; Yes        ; |RLEncoder|buff[26][4]     ;
; 8:1                ; 4 bits    ; 20 LEs        ; 8 LEs                ; 12 LEs                 ; Yes        ; |RLEncoder|buff[26][0]     ;
; 8:1                ; 4 bits    ; 20 LEs        ; 8 LEs                ; 12 LEs                 ; Yes        ; |RLEncoder|buff[25][4]     ;
; 8:1                ; 4 bits    ; 20 LEs        ; 8 LEs                ; 12 LEs                 ; Yes        ; |RLEncoder|buff[25][1]     ;
; 8:1                ; 4 bits    ; 20 LEs        ; 8 LEs                ; 12 LEs                 ; Yes        ; |RLEncoder|buff[24][6]     ;
; 8:1                ; 4 bits    ; 20 LEs        ; 8 LEs                ; 12 LEs                 ; Yes        ; |RLEncoder|buff[24][3]     ;
; 8:1                ; 4 bits    ; 20 LEs        ; 8 LEs                ; 12 LEs                 ; Yes        ; |RLEncoder|buff[23][6]     ;
; 8:1                ; 4 bits    ; 20 LEs        ; 8 LEs                ; 12 LEs                 ; Yes        ; |RLEncoder|buff[23][2]     ;
; 8:1                ; 4 bits    ; 20 LEs        ; 8 LEs                ; 12 LEs                 ; Yes        ; |RLEncoder|buff[22][7]     ;
; 8:1                ; 4 bits    ; 20 LEs        ; 8 LEs                ; 12 LEs                 ; Yes        ; |RLEncoder|buff[22][3]     ;
; 8:1                ; 4 bits    ; 20 LEs        ; 8 LEs                ; 12 LEs                 ; Yes        ; |RLEncoder|buff[21][5]     ;
; 8:1                ; 4 bits    ; 20 LEs        ; 8 LEs                ; 12 LEs                 ; Yes        ; |RLEncoder|buff[21][2]     ;
; 8:1                ; 4 bits    ; 20 LEs        ; 8 LEs                ; 12 LEs                 ; Yes        ; |RLEncoder|buff[20][6]     ;
; 8:1                ; 4 bits    ; 20 LEs        ; 8 LEs                ; 12 LEs                 ; Yes        ; |RLEncoder|buff[20][2]     ;
; 8:1                ; 4 bits    ; 20 LEs        ; 8 LEs                ; 12 LEs                 ; Yes        ; |RLEncoder|buff[19][4]     ;
; 8:1                ; 4 bits    ; 20 LEs        ; 8 LEs                ; 12 LEs                 ; Yes        ; |RLEncoder|buff[19][2]     ;
; 8:1                ; 4 bits    ; 20 LEs        ; 8 LEs                ; 12 LEs                 ; Yes        ; |RLEncoder|buff[18][4]     ;
; 8:1                ; 4 bits    ; 20 LEs        ; 8 LEs                ; 12 LEs                 ; Yes        ; |RLEncoder|buff[18][0]     ;
; 8:1                ; 4 bits    ; 20 LEs        ; 8 LEs                ; 12 LEs                 ; Yes        ; |RLEncoder|buff[17][6]     ;
; 8:1                ; 4 bits    ; 20 LEs        ; 8 LEs                ; 12 LEs                 ; Yes        ; |RLEncoder|buff[17][3]     ;
; 8:1                ; 4 bits    ; 20 LEs        ; 8 LEs                ; 12 LEs                 ; Yes        ; |RLEncoder|buff[16][7]     ;
; 8:1                ; 4 bits    ; 20 LEs        ; 8 LEs                ; 12 LEs                 ; Yes        ; |RLEncoder|buff[16][3]     ;
; 8:1                ; 4 bits    ; 20 LEs        ; 8 LEs                ; 12 LEs                 ; Yes        ; |RLEncoder|buff[15][7]     ;
; 8:1                ; 4 bits    ; 20 LEs        ; 8 LEs                ; 12 LEs                 ; Yes        ; |RLEncoder|buff[15][3]     ;
; 8:1                ; 4 bits    ; 20 LEs        ; 8 LEs                ; 12 LEs                 ; Yes        ; |RLEncoder|buff[14][7]     ;
; 8:1                ; 4 bits    ; 20 LEs        ; 8 LEs                ; 12 LEs                 ; Yes        ; |RLEncoder|buff[14][3]     ;
; 8:1                ; 4 bits    ; 20 LEs        ; 8 LEs                ; 12 LEs                 ; Yes        ; |RLEncoder|buff[13][7]     ;
; 8:1                ; 4 bits    ; 20 LEs        ; 8 LEs                ; 12 LEs                 ; Yes        ; |RLEncoder|buff[13][3]     ;
; 8:1                ; 4 bits    ; 20 LEs        ; 8 LEs                ; 12 LEs                 ; Yes        ; |RLEncoder|buff[12][5]     ;
; 8:1                ; 4 bits    ; 20 LEs        ; 8 LEs                ; 12 LEs                 ; Yes        ; |RLEncoder|buff[12][0]     ;
; 8:1                ; 4 bits    ; 20 LEs        ; 8 LEs                ; 12 LEs                 ; Yes        ; |RLEncoder|buff[11][7]     ;
; 8:1                ; 4 bits    ; 20 LEs        ; 8 LEs                ; 12 LEs                 ; Yes        ; |RLEncoder|buff[11][3]     ;
; 8:1                ; 4 bits    ; 20 LEs        ; 8 LEs                ; 12 LEs                 ; Yes        ; |RLEncoder|buff[10][4]     ;
; 8:1                ; 4 bits    ; 20 LEs        ; 8 LEs                ; 12 LEs                 ; Yes        ; |RLEncoder|buff[10][0]     ;
; 8:1                ; 4 bits    ; 20 LEs        ; 8 LEs                ; 12 LEs                 ; Yes        ; |RLEncoder|buff[9][5]      ;
; 8:1                ; 4 bits    ; 20 LEs        ; 8 LEs                ; 12 LEs                 ; Yes        ; |RLEncoder|buff[9][0]      ;
; 8:1                ; 4 bits    ; 20 LEs        ; 8 LEs                ; 12 LEs                 ; Yes        ; |RLEncoder|buff[8][6]      ;
; 8:1                ; 4 bits    ; 20 LEs        ; 8 LEs                ; 12 LEs                 ; Yes        ; |RLEncoder|buff[8][2]      ;
; 8:1                ; 4 bits    ; 20 LEs        ; 8 LEs                ; 12 LEs                 ; Yes        ; |RLEncoder|buff[7][7]      ;
; 8:1                ; 4 bits    ; 20 LEs        ; 8 LEs                ; 12 LEs                 ; Yes        ; |RLEncoder|buff[7][2]      ;
; 8:1                ; 4 bits    ; 20 LEs        ; 8 LEs                ; 12 LEs                 ; Yes        ; |RLEncoder|buff[6][4]      ;
; 8:1                ; 4 bits    ; 20 LEs        ; 8 LEs                ; 12 LEs                 ; Yes        ; |RLEncoder|buff[6][0]      ;
; 8:1                ; 4 bits    ; 20 LEs        ; 8 LEs                ; 12 LEs                 ; Yes        ; |RLEncoder|buff[5][5]      ;
; 8:1                ; 4 bits    ; 20 LEs        ; 8 LEs                ; 12 LEs                 ; Yes        ; |RLEncoder|buff[5][0]      ;
; 8:1                ; 4 bits    ; 20 LEs        ; 8 LEs                ; 12 LEs                 ; Yes        ; |RLEncoder|buff[4][6]      ;
; 8:1                ; 4 bits    ; 20 LEs        ; 8 LEs                ; 12 LEs                 ; Yes        ; |RLEncoder|buff[4][3]      ;
; 8:1                ; 4 bits    ; 20 LEs        ; 8 LEs                ; 12 LEs                 ; Yes        ; |RLEncoder|buff[3][7]      ;
; 8:1                ; 4 bits    ; 20 LEs        ; 8 LEs                ; 12 LEs                 ; Yes        ; |RLEncoder|buff[3][3]      ;
; 8:1                ; 4 bits    ; 20 LEs        ; 8 LEs                ; 12 LEs                 ; Yes        ; |RLEncoder|buff[2][7]      ;
; 8:1                ; 4 bits    ; 20 LEs        ; 8 LEs                ; 12 LEs                 ; Yes        ; |RLEncoder|buff[2][0]      ;
; 8:1                ; 4 bits    ; 20 LEs        ; 8 LEs                ; 12 LEs                 ; Yes        ; |RLEncoder|buff[1][4]      ;
; 8:1                ; 4 bits    ; 20 LEs        ; 8 LEs                ; 12 LEs                 ; Yes        ; |RLEncoder|buff[1][0]      ;
; 8:1                ; 4 bits    ; 20 LEs        ; 8 LEs                ; 12 LEs                 ; Yes        ; |RLEncoder|buff[0][6]      ;
; 8:1                ; 4 bits    ; 20 LEs        ; 8 LEs                ; 12 LEs                 ; Yes        ; |RLEncoder|buff[0][3]      ;
; 8:1                ; 4 bits    ; 20 LEs        ; 8 LEs                ; 12 LEs                 ; Yes        ; |RLEncoder|output[7]~reg0  ;
; 8:1                ; 4 bits    ; 20 LEs        ; 8 LEs                ; 12 LEs                 ; Yes        ; |RLEncoder|output[1]~reg0  ;
+--------------------+-----------+---------------+----------------------+------------------------+------------+----------------------------+


+-------------------------------+
; Analysis & Synthesis Messages ;
+-------------------------------+
Info: *******************************************************************
Info: Running Quartus Prime Analysis & Synthesis
    Info: Version 20.1.0 Build 711 06/05/2020 SJ Lite Edition
    Info: Processing started: Sun Mar 28 13:36:18 2021
Info: Command: quartus_map --read_settings_files=on --write_settings_files=off RLEncoder -c RLEncoder
Warning (18236): Number of processors has not been specified which may cause overloading on shared machines.  Set the global assignment NUM_PARALLEL_PROCESSORS in your QSF to an appropriate value for best performance.
Info (20030): Parallel compilation is enabled and will use 6 of the 6 processors detected
Info (12021): Found 2 design units, including 1 entities, in source file updownstatetransit.vhd
    Info (12022): Found design unit 1: UpDownStateTransit-ARCHState File: D:/Courses/Sem4/cs226_digital_logic/CS254/lab7/UpDownStateTransit.vhd Line: 11
    Info (12023): Found entity 1: UpDownStateTransit File: D:/Courses/Sem4/cs226_digital_logic/CS254/lab7/UpDownStateTransit.vhd Line: 6
Info (12021): Found 2 design units, including 1 entities, in source file updowncounter.vhd
    Info (12022): Found design unit 1: UpDownCounter-ARCHCount File: D:/Courses/Sem4/cs226_digital_logic/CS254/lab7/UpDownCounter.vhd Line: 13
    Info (12023): Found entity 1: UpDownCounter File: D:/Courses/Sem4/cs226_digital_logic/CS254/lab7/UpDownCounter.vhd Line: 7
Info (12021): Found 2 design units, including 1 entities, in source file statetransit.vhd
    Info (12022): Found design unit 1: StateTransit-ARCHState File: D:/Courses/Sem4/cs226_digital_logic/CS254/lab7/StateTransit.vhd Line: 11
    Info (12023): Found entity 1: StateTransit File: D:/Courses/Sem4/cs226_digital_logic/CS254/lab7/StateTransit.vhd Line: 6
Info (12021): Found 2 design units, including 1 entities, in source file fourbitupcount.vhd
    Info (12022): Found design unit 1: FourbitUpCount-ARCHCount File: D:/Courses/Sem4/cs226_digital_logic/CS254/lab7/FourbitUpCount.vhd Line: 13
    Info (12023): Found entity 1: FourbitUpCount File: D:/Courses/Sem4/cs226_digital_logic/CS254/lab7/FourbitUpCount.vhd Line: 7
Info (12021): Found 2 design units, including 1 entities, in source file dflipflop.vhd
    Info (12022): Found design unit 1: DFlipFlop-behave File: D:/Courses/Sem4/cs226_digital_logic/CS254/lab7/DFlipFlop.vhd Line: 8
    Info (12023): Found entity 1: DFlipFlop File: D:/Courses/Sem4/cs226_digital_logic/CS254/lab7/DFlipFlop.vhd Line: 4
Info (12021): Found 2 design units, including 1 entities, in source file ascii_read_test.vhd
    Info (12022): Found design unit 1: TestBench-reader File: D:/Courses/Sem4/cs226_digital_logic/CS254/lab7/ASCII_Read_test.vhd Line: 9
    Info (12023): Found entity 1: TestBench File: D:/Courses/Sem4/cs226_digital_logic/CS254/lab7/ASCII_Read_test.vhd Line: 6
Info (12021): Found 2 design units, including 1 entities, in source file rlencoder.vhd
    Info (12022): Found design unit 1: RLEncoder-Encode File: D:/Courses/Sem4/cs226_digital_logic/CS254/lab7/RLEncoder.vhd Line: 15
    Info (12023): Found entity 1: RLEncoder File: D:/Courses/Sem4/cs226_digital_logic/CS254/lab7/RLEncoder.vhd Line: 8
Info (12127): Elaborating entity "RLEncoder" for the top level hierarchy
Info (12128): Elaborating entity "DFlipFlop" for hierarchy "DFlipFlop:\chars:0:char" File: D:/Courses/Sem4/cs226_digital_logic/CS254/lab7/RLEncoder.vhd Line: 42
Info (12128): Elaborating entity "FourbitUpCount" for hierarchy "FourbitUpCount:count" File: D:/Courses/Sem4/cs226_digital_logic/CS254/lab7/RLEncoder.vhd Line: 45
Info (12128): Elaborating entity "StateTransit" for hierarchy "FourbitUpCount:count|StateTransit:StateChip" File: D:/Courses/Sem4/cs226_digital_logic/CS254/lab7/FourbitUpCount.vhd Line: 28
Info (18000): Registers with preset signals will power-up high File: D:/Courses/Sem4/cs226_digital_logic/CS254/lab7/RLEncoder.vhd Line: 35
Info (21057): Implemented 1694 device resources after synthesis - the final resource count might be different
    Info (21058): Implemented 10 input pins
    Info (21059): Implemented 9 output pins
    Info (21061): Implemented 1675 logic cells
Info: Quartus Prime Analysis & Synthesis was successful. 0 errors, 1 warning
    Info: Peak virtual memory: 4761 megabytes
    Info: Processing ended: Sun Mar 28 13:36:33 2021
    Info: Elapsed time: 00:00:15
    Info: Total CPU time (on all processors): 00:00:25


